# JRE version: Java(TM) SE Runtime Environment (8.0_291-b10) (build 1.8.0_291-b10)
# Java VM: Java HotSpot(TM) 64-Bit Server VM (25.291-b10 mixed mode windows-amd64 compressed oops)
Heap:
 PSYoungGen      total 216576K, used 203159K [0x000000076b400000, 0x000000077c400000, 0x00000007c0000000)
  eden space 216064K, 94% used [0x000000076b400000,0x0000000777a65f58,0x0000000778700000)
  from space 512K, 0% used [0x0000000778700000,0x0000000778700000,0x0000000778780000)
  to   space 31232K, 0% used [0x000000077a580000,0x000000077a580000,0x000000077c400000)
 ParOldGen       total 103424K, used 33771K [0x00000006c1c00000, 0x00000006c8100000, 0x000000076b400000)
  object space 103424K, 32% used [0x00000006c1c00000,0x00000006c3cfaf90,0x00000006c8100000)
 Metaspace       used 29605K, capacity 30228K, committed 30464K, reserved 1075200K
  class space    used 3874K, capacity 4027K, committed 4096K, reserved 1048576K
GC Heap History (10 events):
Event: 263.977 GC heap before
{Heap before GC invocations=18 (full 7):
 PSYoungGen      total 216576K, used 128K [0x000000076b400000, 0x000000077c700000, 0x00000007c0000000)
  eden space 216064K, 0% used [0x000000076b400000,0x000000076b400000,0x0000000778700000)
  from space 512K, 25% used [0x0000000778700000,0x0000000778720000,0x0000000778780000)
  to   space 32768K, 0% used [0x000000077a700000,0x000000077a700000,0x000000077c700000)
 ParOldGen       total 103424K, used 33678K [0x00000006c1c00000, 0x00000006c8100000, 0x000000076b400000)
  object space 103424K, 32% used [0x00000006c1c00000,0x00000006c3ce3bc0,0x00000006c8100000)
 Metaspace       used 27825K, capacity 28292K, committed 28416K, reserved 1073152K
  class space    used 3617K, capacity 3748K, committed 3840K, reserved 1048576K
Event: 264.022 GC heap after
Heap after GC invocations=18 (full 7):
 PSYoungGen      total 216576K, used 0K [0x000000076b400000, 0x000000077c700000, 0x00000007c0000000)
  eden space 216064K, 0% used [0x000000076b400000,0x000000076b400000,0x0000000778700000)
  from space 512K, 0% used [0x0000000778700000,0x0000000778700000,0x0000000778780000)
  to   space 32768K, 0% used [0x000000077a700000,0x000000077a700000,0x000000077c700000)
 ParOldGen       total 103424K, used 33654K [0x00000006c1c00000, 0x00000006c8100000, 0x000000076b400000)
  object space 103424K, 32% used [0x00000006c1c00000,0x00000006c3cddab0,0x00000006c8100000)
 Metaspace       used 27825K, capacity 28292K, committed 28416K, reserved 1073152K
  class space    used 3617K, capacity 3748K, committed 3840K, reserved 1048576K
}
Event: 305.259 GC heap before
{Heap before GC invocations=19 (full 7):
 PSYoungGen      total 216576K, used 29930K [0x000000076b400000, 0x000000077c700000, 0x00000007c0000000)
  eden space 216064K, 13% used [0x000000076b400000,0x000000076d13aa98,0x0000000778700000)
  from space 512K, 0% used [0x0000000778700000,0x0000000778700000,0x0000000778780000)
  to   space 32768K, 0% used [0x000000077a700000,0x000000077a700000,0x000000077c700000)
 ParOldGen       total 103424K, used 33654K [0x00000006c1c00000, 0x00000006c8100000, 0x000000076b400000)
  object space 103424K, 32% used [0x00000006c1c00000,0x00000006c3cddab0,0x00000006c8100000)
 Metaspace       used 27915K, capacity 28356K, committed 28672K, reserved 1075200K
  class space    used 3618K, capacity 3748K, committed 3840K, reserved 1048576K
Event: 305.262 GC heap after
Heap after GC invocations=19 (full 7):
 PSYoungGen      total 246784K, used 304K [0x000000076b400000, 0x000000077c500000, 0x00000007c0000000)
  eden space 216064K, 0% used [0x000000076b400000,0x000000076b400000,0x0000000778700000)
  from space 30720K, 0% used [0x000000077a700000,0x000000077a74c010,0x000000077c500000)
  to   space 31744K, 0% used [0x0000000778700000,0x0000000778700000,0x000000077a600000)
 ParOldGen       total 103424K, used 33662K [0x00000006c1c00000, 0x00000006c8100000, 0x000000076b400000)
  object space 103424K, 32% used [0x00000006c1c00000,0x00000006c3cdfab0,0x00000006c8100000)
 Metaspace       used 27915K, capacity 28356K, committed 28672K, reserved 1075200K
  class space    used 3618K, capacity 3748K, committed 3840K, reserved 1048576K
}
Event: 305.262 GC heap before
{Heap before GC invocations=20 (full 8):
 PSYoungGen      total 246784K, used 304K [0x000000076b400000, 0x000000077c500000, 0x00000007c0000000)
  eden space 216064K, 0% used [0x000000076b400000,0x000000076b400000,0x0000000778700000)
  from space 30720K, 0% used [0x000000077a700000,0x000000077a74c010,0x000000077c500000)
  to   space 31744K, 0% used [0x0000000778700000,0x0000000778700000,0x000000077a600000)
 ParOldGen       total 103424K, used 33662K [0x00000006c1c00000, 0x00000006c8100000, 0x000000076b400000)
  object space 103424K, 32% used [0x00000006c1c00000,0x00000006c3cdfab0,0x00000006c8100000)
 Metaspace       used 27915K, capacity 28356K, committed 28672K, reserved 1075200K
  class space    used 3618K, capacity 3748K, committed 3840K, reserved 1048576K
Event: 305.355 GC heap after
Heap after GC invocations=20 (full 8):
 PSYoungGen      total 246784K, used 0K [0x000000076b400000, 0x000000077c500000, 0x00000007c0000000)
  eden space 216064K, 0% used [0x000000076b400000,0x000000076b400000,0x0000000778700000)
  from space 30720K, 0% used [0x000000077a700000,0x000000077a700000,0x000000077c500000)
  to   space 31744K, 0% used [0x0000000778700000,0x0000000778700000,0x000000077a600000)
 ParOldGen       total 103424K, used 33765K [0x00000006c1c00000, 0x00000006c8100000, 0x000000076b400000)
  object space 103424K, 32% used [0x00000006c1c00000,0x00000006c3cf9680,0x00000006c8100000)
 Metaspace       used 27915K, capacity 28356K, committed 28672K, reserved 1075200K
  class space    used 3618K, capacity 3748K, committed 3840K, reserved 1048576K
}
Event: 322.134 GC heap before
{Heap before GC invocations=21 (full 8):
 PSYoungGen      total 246784K, used 14431K [0x000000076b400000, 0x000000077c500000, 0x00000007c0000000)
  eden space 216064K, 6% used [0x000000076b400000,0x000000076c217dc0,0x0000000778700000)
  from space 30720K, 0% used [0x000000077a700000,0x000000077a700000,0x000000077c500000)
  to   space 31744K, 0% used [0x0000000778700000,0x0000000778700000,0x000000077a600000)
 ParOldGen       total 103424K, used 33765K [0x00000006c1c00000, 0x00000006c8100000, 0x000000076b400000)
  object space 103424K, 32% used [0x00000006c1c00000,0x00000006c3cf9680,0x00000006c8100000)
 Metaspace       used 27946K, capacity 28458K, committed 28672K, reserved 1075200K
  class space    used 3623K, capacity 3781K, committed 3840K, reserved 1048576K
Event: 322.135 GC heap after
Heap after GC invocations=21 (full 8):
 PSYoungGen      total 216576K, used 160K [0x000000076b400000, 0x000000077c400000, 0x00000007c0000000)
  eden space 216064K, 0% used [0x000000076b400000,0x000000076b400000,0x0000000778700000)
  from space 512K, 31% used [0x0000000778700000,0x0000000778728000,0x0000000778780000)
  to   space 31232K, 0% used [0x000000077a580000,0x000000077a580000,0x000000077c400000)
 ParOldGen       total 103424K, used 33773K [0x00000006c1c00000, 0x00000006c8100000, 0x000000076b400000)
  object space 103424K, 32% used [0x00000006c1c00000,0x00000006c3cfb680,0x00000006c8100000)
 Metaspace       used 27946K, capacity 28458K, committed 28672K, reserved 1075200K
  class space    used 3623K, capacity 3781K, committed 3840K, reserved 1048576K
}
Event: 322.135 GC heap before
{Heap before GC invocations=22 (full 9):
 PSYoungGen      total 216576K, used 160K [0x000000076b400000, 0x000000077c400000, 0x00000007c0000000)
  eden space 216064K, 0% used [0x000000076b400000,0x000000076b400000,0x0000000778700000)
  from space 512K, 31% used [0x0000000778700000,0x0000000778728000,0x0000000778780000)
  to   space 31232K, 0% used [0x000000077a580000,0x000000077a580000,0x000000077c400000)
 ParOldGen       total 103424K, used 33773K [0x00000006c1c00000, 0x00000006c8100000, 0x000000076b400000)
  object space 103424K, 32% used [0x00000006c1c00000,0x00000006c3cfb680,0x00000006c8100000)
 Metaspace       used 27946K, capacity 28458K, committed 28672K, reserved 1075200K
  class space    used 3623K, capacity 3781K, committed 3840K, reserved 1048576K
Event: 322.196 GC heap after
Heap after GC invocations=22 (full 9):
 PSYoungGen      total 216576K, used 0K [0x000000076b400000, 0x000000077c400000, 0x00000007c0000000)
  eden space 216064K, 0% used [0x000000076b400000,0x000000076b400000,0x0000000778700000)
  from space 512K, 0% used [0x0000000778700000,0x0000000778700000,0x0000000778780000)
  to   space 31232K, 0% used [0x000000077a580000,0x000000077a580000,0x000000077c400000)
 ParOldGen       total 103424K, used 33771K [0x00000006c1c00000, 0x00000006c8100000, 0x000000076b400000)
  object space 103424K, 32% used [0x00000006c1c00000,0x00000006c3cfaf90,0x00000006c8100000)
 Metaspace       used 27946K, capacity 28458K, committed 28672K, reserved 1075200K
  class space    used 3623K, capacity 3781K, committed 3840K, reserved 1048576K
}

